<?xml version="1.0" encoding="UTF-8"?>
<!-- Generated by org.testng.reporters.JUnitXMLReporter -->
<testsuite ignored="1" hostname="MCKL-7604-T" failures="0" tests="1" name="Test(failed)(failed)" time="0.063" errors="0" timestamp="2023-03-15T20:01:22 IST">
  <testcase classname="seleniumExamples.TestCase" name="TestCase2" time="0.011"/>
  <testcase classname="seleniumExamples.TestCase" name="Testcase1" time="0.0">
    <ignored/>
  </testcase> <!-- Testcase1 -->
</testsuite> <!-- Test(failed)(failed) -->
